<?xml version="1.0" encoding="UTF-8"?>
<!-- Generated by org.testng.reporters.JUnitXMLReporter -->
<testsuite hostname="DESKTOP-GJN174N" ignored="0" name="Run in IE Browser" tests="3" failures="0" timestamp="24 Jul 2017 10:46:07 GMT" time="0.022" errors="0">
  <testcase name="@BeforeClass initializeBaseTest" time="0.0" classname="com.soltech.base.BaseClass">
    <failure type="org.testng.TestNGException" message="
Parameter &amp;apos;baseURL&amp;apos; is required by BeforeClass on method initializeBaseTest but has not been marked @Optional or defined
in F:\Automation\Frameworks\Selenium-JAVA-TestNG-TDD-Framework\Automation\testng.xml">
      <![CDATA[org.testng.TestNGException: 
Parameter 'baseURL' is required by BeforeClass on method initializeBaseTest but has not been marked @Optional or defined
in F:\Automation\Frameworks\Selenium-JAVA-TestNG-TDD-Framework\Automation\testng.xml
... Removed 22 stack frames]]>
    </failure>
  </testcase> <!-- @BeforeClass initializeBaseTest -->
  <testcase name="@AfterClass closeBrowser" time="0.0" classname="com.soltech.base.BaseClass">
    <failure type="java.lang.NullPointerException">
      <![CDATA[java.lang.NullPointerException
	at com.soltech.base.BaseClass.closeBrowser(BaseClass.java:109)
... Removed 25 stack frames]]>
    </failure>
  </testcase> <!-- @AfterClass closeBrowser -->
  <testcase name="clickOnCareersOpenPositionsMenu" time="0.0" classname="com.soltech.tests.TestRunner">
    <skipped/>
  </testcase> <!-- clickOnCareersOpenPositionsMenu -->
  <testcase name="searchForOpenQAPositions" time="0.0" classname="com.soltech.tests.TestRunner">
    <skipped/>
  </testcase> <!-- searchForOpenQAPositions -->
  <testcase name="verifyJobDetailsPage" time="0.0" classname="com.soltech.tests.TestRunner">
    <skipped/>
  </testcase> <!-- verifyJobDetailsPage -->
</testsuite> <!-- Run in IE Browser -->
